/usr/local/opt/rbenv/versions/2.1.5/bin/ruby -r ./siteconf20160123-20065-c59b33.rb extconf.rb
extconf.rb:10:in `<main>': Use RbConfig instead of obsolete and deprecated Config.
extconf.rb:10:in `<main>': Use RbConfig instead of obsolete and deprecated Config.
extconf.rb:11:in `<main>': Use RbConfig instead of obsolete and deprecated Config.
extconf.rb:20:in `<main>': Use RbConfig instead of obsolete and deprecated Config.
extconf.rb:20:in `<main>': Use RbConfig instead of obsolete and deprecated Config.
extconf.rb:22:in `<main>': Use RbConfig instead of obsolete and deprecated Config.
extconf.rb:36:in `<main>': Use RbConfig instead of obsolete and deprecated Config.
checking for libxml/parser.h... yes
checking for libxslt/xslt.h... yes
checking for libexslt/exslt.h... yes
checking for iconv_open() in iconv.h... yes
checking for xmlParseDoc() in -lxml2... yes
checking for xsltParseStylesheetDoc() in -lxslt... yes
checking for exsltFuncRegister() in -lexslt... yes
checking for xmlFirstElementChild()... yes
checking for xmlRelaxNGSetParserStructuredErrors()... yes
checking for xmlRelaxNGSetParserStructuredErrors()... yes
checking for xmlRelaxNGSetValidStructuredErrors()... yes
checking for xmlSchemaSetValidStructuredErrors()... yes
checking for xmlSchemaSetParserStructuredErrors()... yes
creating Makefile

make "DESTDIR=" clean

make "DESTDIR="
compiling xml_node_set.c
compiling xml_namespace.c
xml_namespace.c: In function ‘prefix’:
xml_namespace.c:14:13: warning: variable ‘doc’ set but not used [-Wunused-but-set-variable]
   xmlDocPtr doc;
             ^
xml_namespace.c: In function ‘href’:
xml_namespace.c:33:13: warning: variable ‘doc’ set but not used [-Wunused-but-set-variable]
   xmlDocPtr doc;
             ^
compiling xml_document_fragment.c
compiling html_document.c
compiling html_element_description.c
In file included from /usr/local/opt/rbenv/versions/2.1.5/include/ruby-2.1.0/ruby.h:33:0,
                 from ./nokogiri.h:31,
                 from ./html_element_description.h:4,
                 from html_element_description.c:1:
html_element_description.c: In function ‘get_description’:
html_element_description.c:249:40: warning: cast discards ‘__attribute__((const))’ qualifier from pointer target type [-Wcast-qual]
   return Data_Wrap_Struct(klass, 0, 0, (void *)description);
                                        ^
/usr/local/opt/rbenv/versions/2.1.5/include/ruby-2.1.0/ruby/ruby.h:1019:35: note: in definition of macro ‘Data_Wrap_Struct’
     rb_data_object_alloc((klass),(sval),(RUBY_DATA_FUNC)(mark),(RUBY_DATA_FUNC)(free))
                                   ^
compiling xml_entity_decl.c
compiling xml_dtd.c
compiling xslt_stylesheet.c
In file included from /usr/local/opt/rbenv/versions/2.1.5/include/ruby-2.1.0/ruby.h:33:0,
                 from ./nokogiri.h:31,
                 from ./xslt_stylesheet.h:4,
                 from xslt_stylesheet.c:1:
xslt_stylesheet.c: In function ‘initFunc’:
/usr/local/opt/rbenv/versions/2.1.5/include/ruby-2.1.0/ruby/ruby.h:907:24: warning: cast discards ‘__attribute__((const))’ qualifier from pointer target type [-Wcast-qual]
 #define RARRAY_PTR(a) ((VALUE *)RARRAY_CONST_PTR(RGENGC_WB_PROTECTED_ARRAY ? OBJ_WB_UNPROTECT((VALUE)a) : ((VALUE)a)))
                        ^
xslt_stylesheet.c:213:39: note: in expansion of macro ‘RARRAY_PTR’
  VALUE method_name = rb_obj_as_string(RARRAY_PTR(methods)[i]);
                                       ^
compiling xml_element_content.c
compiling xml_text.c
compiling xml_processing_instruction.c
compiling xml_element_decl.c
compiling nokogiri.c
compiling xml_libxml2_hacks.c
compiling html_entity_lookup.c
compiling xml_node.c
compiling xml_xpath_context.c
xml_xpath_context.c: In function ‘xpath_generic_exception_handler’:
xml_xpath_context.c:184:3: warning: format not a string literal and no format arguments [-Wformat-security]
   rb_raise(rb_eRuntimeError, message);
   ^
compiling xml_sax_parser_context.c
compiling xml_attr.c
compiling xml_sax_push_parser.c
compiling xml_relax_ng.c
compiling xml_encoding_handler.c
compiling xml_sax_parser.c
compiling xml_comment.c
compiling xml_syntax_error.c
compiling xml_io.c
xml_io.c: In function ‘io_read_callback’:
xml_io.c:28:3: warning: conversion to ‘int’ from ‘size_t’ may alter its value [-Wconversion]
   return safe_len;
   ^
compiling xml_document.c
compiling xml_cdata.c
compiling xml_schema.c
compiling xml_attribute_decl.c
compiling xml_reader.c
compiling html_sax_parser_context.c
compiling xml_entity_reference.c
linking shared-object nokogiri/nokogiri.so

make "DESTDIR=" install
/usr/bin/install -c -m 0755 nokogiri.so ./.gem.20160123-20065-q09pz/nokogiri
installing default nokogiri libraries
